<?xml version="1.0" encoding="UTF-8"?>
<testng-results ignored="0" total="1" passed="1" failed="0" skipped="0">
  <reporter-output>
  </reporter-output>
  <suite started-at="2018-08-01T18:14:03Z" name="Suite" finished-at="2018-08-01T18:14:21Z" duration-ms="17818">
    <groups>
    </groups>
    <test started-at="2018-08-01T18:14:03Z" name="Test" finished-at="2018-08-01T18:14:21Z" duration-ms="17818">
      <class name="com.alation.tests.AmazonTest">
        <test-method is-config="true" signature="setupDriver()[pri:0, instance:com.alation.tests.AmazonTest@692f203f]" started-at="2018-08-01T18:14:03Z" name="setupDriver" finished-at="2018-08-01T18:14:07Z" duration-ms="3709" status="PASS">
          <reporter-output>
          </reporter-output>
        </test-method> <!-- setupDriver -->
        <test-method signature="testAmazon()[pri:0, instance:com.alation.tests.AmazonTest@692f203f]" started-at="2018-08-01T18:14:07Z" name="testAmazon" finished-at="2018-08-01T18:14:21Z" duration-ms="14096" status="PASS">
          <reporter-output>
          </reporter-output>
        </test-method> <!-- testAmazon -->
        <test-method is-config="true" signature="closeAll()[pri:0, instance:com.alation.tests.AmazonTest@692f203f]" started-at="2018-08-01T18:14:21Z" name="closeAll" finished-at="2018-08-01T18:14:21Z" duration-ms="0" status="PASS">
          <reporter-output>
          </reporter-output>
        </test-method> <!-- closeAll -->
      </class> <!-- com.alation.tests.AmazonTest -->
    </test> <!-- Test -->
  </suite> <!-- Suite -->
</testng-results>
